

Microchip MPLAB XC8 Assembler V2.31 build 20201012212115 
                                                                                               Wed Nov 18 18:09:43 2020

Microchip MPLAB XC8 C Compiler v2.31 (Free license) build 20201012212115 Og1 
     1                           	processor	18F4550
     2                           	fnconf	rparam,??,?,0
     3                           	pagewidth 120
     4                           	opt	flic
     5                           	psect	idataCOMRAM,global,class=CODE,delta=1,noexec
     6                           	psect	cinit,global,reloc=2,class=CODE,delta=1
     7                           	psect	dataCOMRAM,global,class=COMRAM,space=1,delta=1,lowdata,noexec
     8                           	psect	cstackCOMRAM,global,class=COMRAM,space=1,delta=1,lowdata,noexec
     9                           	psect	text0,global,reloc=2,class=CODE,delta=1
    10                           	psect	text1,global,reloc=2,class=CODE,delta=1
    11                           	psect	text2,global,reloc=2,class=CODE,delta=1
    12                           	psect	text3,global,reloc=2,class=CODE,delta=1
    13                           	psect	text4,global,reloc=2,class=CODE,delta=1
    14                           	psect	intsave_regs,global,class=BIGRAM,space=1,delta=1,noexec
    15                           	psect	rparam,global,class=COMRAM,space=1,delta=1,noexec
    16                           	psect	idloc,global,abs,ovrld,class=IDLOC,space=5,delta=1,noexec
    17                           	psect	config,global,abs,ovrld,class=CONFIG,space=4,delta=1,noexec
    18  0000                     
    19                           ; Version 2.20
    20                           ; Generated 12/02/2020 GMT
    21                           ; 
    22                           ; Copyright © 2020, Microchip Technology Inc. and its subsidiaries ("Microchip")
    23                           ; All rights reserved.
    24                           ; 
    25                           ; This software is developed by Microchip Technology Inc. and its subsidiaries ("Microch
      +                          ip").
    26                           ; 
    27                           ; Redistribution and use in source and binary forms, with or without modification, are
    28                           ; permitted provided that the following conditions are met:
    29                           ; 
    30                           ;     1. Redistributions of source code must retain the above copyright notice, this lis
      +                          t of
    31                           ;        conditions and the following disclaimer.
    32                           ; 
    33                           ;     2. Redistributions in binary form must reproduce the above copyright notice, this 
      +                          list
    34                           ;        of conditions and the following disclaimer in the documentation and/or other
    35                           ;        materials provided with the distribution.
    36                           ; 
    37                           ;     3. Microchip's name may not be used to endorse or promote products derived from th
      +                          is
    38                           ;        software without specific prior written permission.
    39                           ; 
    40                           ; THIS SOFTWARE IS PROVIDED BY MICROCHIP "AS IS" AND ANY EXPRESS OR IMPLIED WARRANTIES,
    41                           ; INCLUDING, BUT NOT LIMITED TO, THE IMPLIED WARRANTIES OF MERCHANTABILITY AND FITNESS F
      +                          OR
    42                           ; PURPOSE ARE DISCLAIMED.  IN NO EVENT SHALL MICROCHIP BE LIABLE FOR ANY DIRECT, INDIREC
      +                          T,
    43                           ; INCIDENTAL, SPECIAL, EXEMPLARY, OR CONSEQUENTIAL DAMAGES (INCLUDING BUT NOT LIMITED TO
    44                           ; PROCUREMENT OF SUBSTITUTE GOODS OR SERVICES; LOSS OF USE, DATA OR PROFITS; OR BUSINESS
    45                           ; INTERRUPTION) HOWSOEVER CAUSED AND ON ANY THEORY OF LIABILITY, WHETHER IN CONTRACT, ST
      +                          RICT
    46                           ; LIABILITY, OR TORT (INCLUDING NEGLIGENCE OR OTHERWISE) ARISING IN ANY WAY OUT OF THE U
      +                          SE OF
    47                           ; THIS SOFTWARE, EVEN IF ADVISED OF THE POSSIBILITY OF SUCH DAMAGE.
    48                           ; 
    49                           ; 
    50                           ; Code-generator required, PIC18F4550 Definitions
    51                           ; 
    52                           ; SFR Addresses
    53  0000                     
    54                           	psect	idataCOMRAM
    55  00791D                     __pidataCOMRAM:
    56                           	callstack 0
    57                           
    58                           ;initializer for _velocidad
    59  00791D  0001               	dw	1
    60  00791F  0000               	dw	0
    61                           
    62                           ;initializer for _efecto
    63  007921  01                 	db	1
    64  0000                     _PORTBbits	set	3969
    65  0000                     _INTCON2bits	set	4081
    66  0000                     _TRISBbits	set	3987
    67  0000                     _LATD	set	3980
    68  0000                     _TRISD	set	3989
    69                           
    70                           ; #config settings
    71                           
    72                           	psect	cinit
    73  007922                     __pcinit:
    74                           	callstack 0
    75  007922                     start_initialization:
    76                           	callstack 0
    77  007922                     __initialization:
    78                           	callstack 0
    79                           
    80                           ; Initialize objects allocated to COMRAM (5 bytes)
    81                           ; load TBLPTR registers with __pidataCOMRAM
    82  007922  0E1D               	movlw	low __pidataCOMRAM
    83  007924  6EF6               	movwf	tblptrl,c
    84  007926  0E79               	movlw	high __pidataCOMRAM
    85  007928  6EF7               	movwf	tblptrh,c
    86  00792A  0E00               	movlw	low (__pidataCOMRAM shr (0+16))
    87  00792C  6EF8               	movwf	tblptru,c
    88  00792E  EE00  F00C         	lfsr	0,__pdataCOMRAM
    89  007932  EE10 F005          	lfsr	1,5
    90  007936                     copy_data0:
    91  007936  0009               	tblrd		*+
    92  007938  CFF5 FFEE          	movff	tablat,postinc0
    93  00793C  50E5               	movf	postdec1,w,c
    94  00793E  50E1               	movf	fsr1l,w,c
    95  007940  E1FA               	bnz	copy_data0
    96  007942                     end_of_initialization:
    97                           	callstack 0
    98  007942                     __end_of__initialization:
    99                           	callstack 0
   100  007942  0E00               	movlw	low (__Lmediumconst shr (0+16))
   101  007944  6EF8               	movwf	tblptru,c
   102  007946  0100               	movlb	0
   103  007948  EFA6  F03C         	goto	_main	;jump to C main() function
   104                           
   105                           	psect	dataCOMRAM
   106  00000C                     __pdataCOMRAM:
   107                           	callstack 0
   108  00000C                     _velocidad:
   109                           	callstack 0
   110  00000C                     	ds	4
   111  000010                     _efecto:
   112                           	callstack 0
   113  000010                     	ds	1
   114                           
   115                           	psect	cstackCOMRAM
   116  000001                     __pcstackCOMRAM:
   117                           	callstack 0
   118  000001                     ??_secuencial_Efecto1:
   119  000001                     ??_secuencial_Efecto2:
   120  000001                     ??_secuencial_Efecto3:
   121  000001                     ??_secuencial_Efecto4:
   122  000001                     
   123                           ; 2 bytes @ 0x0
   124  000001                     	ds	2
   125  000003                     secuencial_Efecto1@i:
   126                           	callstack 0
   127  000003                     secuencial_Efecto3@i:
   128                           	callstack 0
   129                           
   130                           ; 2 bytes @ 0x2
   131  000003                     	ds	1
   132  000004                     secuencial_Efecto4@i:
   133                           	callstack 0
   134                           
   135                           ; 2 bytes @ 0x3
   136  000004                     	ds	1
   137  000005                     secuencial_Efecto2@j:
   138                           	callstack 0
   139                           
   140                           ; 2 bytes @ 0x4
   141  000005                     	ds	1
   142  000006                     secuencial_Efecto4@m:
   143                           	callstack 0
   144                           
   145                           ; 2 bytes @ 0x5
   146  000006                     	ds	1
   147  000007                     secuencial_Efecto2@i:
   148                           	callstack 0
   149                           
   150                           ; 2 bytes @ 0x6
   151  000007                     	ds	1
   152  000008                     secuencial_Efecto4@n:
   153                           	callstack 0
   154                           
   155                           ; 2 bytes @ 0x7
   156  000008                     	ds	2
   157  00000A                     ??_main:
   158                           
   159                           ; 1 bytes @ 0x9
   160  00000A                     	ds	2
   161                           
   162 ;;
   163 ;;Main: autosize = 0, tempsize = 2, incstack = 0, save=0
   164 ;;
   165 ;; *************** function _main *****************
   166 ;; Defined at:
   167 ;;		line 35 in file "secuencia_main.c"
   168 ;; Parameters:    Size  Location     Type
   169 ;;		None
   170 ;; Auto vars:     Size  Location     Type
   171 ;;		None
   172 ;; Return value:  Size  Location     Type
   173 ;;                  2   28[None  ] int 
   174 ;; Registers used:
   175 ;;		wreg, status,2, status,0, cstack
   176 ;; Tracked objects:
   177 ;;		On entry : 0/0
   178 ;;		On exit  : 0/0
   179 ;;		Unchanged: 0/0
   180 ;; Data sizes:     COMRAM   BANK0   BANK1   BANK2   BANK3   BANK4   BANK5   BANK6   BANK7
   181 ;;      Params:         0       0       0       0       0       0       0       0       0
   182 ;;      Locals:         0       0       0       0       0       0       0       0       0
   183 ;;      Temps:          2       0       0       0       0       0       0       0       0
   184 ;;      Totals:         2       0       0       0       0       0       0       0       0
   185 ;;Total ram usage:        2 bytes
   186 ;; Hardware stack levels required when called:    1
   187 ;; This function calls:
   188 ;;		_secuencial_Efecto1
   189 ;;		_secuencial_Efecto2
   190 ;;		_secuencial_Efecto3
   191 ;;		_secuencial_Efecto4
   192 ;; This function is called by:
   193 ;;		Startup code after reset
   194 ;; This function uses a non-reentrant model
   195 ;;
   196                           
   197                           	psect	text0
   198  00794C                     __ptext0:
   199                           	callstack 0
   200  00794C                     _main:
   201                           	callstack 30
   202  00794C                     
   203                           ;secuencia_main.c: 36:     TRISD = 0;
   204  00794C  0E00               	movlw	0
   205  00794E  6E95               	movwf	149,c	;volatile
   206                           
   207                           ;secuencia_main.c: 37:     LATD = 0;
   208  007950  0E00               	movlw	0
   209  007952  6E8C               	movwf	140,c	;volatile
   210  007954                     
   211                           ;secuencia_main.c: 38:     TRISBbits.TRISB7 = 1;
   212  007954  8E93               	bsf	147,7,c	;volatile
   213  007956                     
   214                           ;secuencia_main.c: 39:     TRISBbits.TRISB6 = 0;
   215  007956  9C93               	bcf	147,6,c	;volatile
   216  007958                     
   217                           ;secuencia_main.c: 40:     INTCON2bits.RBPU = 0;
   218  007958  9EF1               	bcf	241,7,c	;volatile
   219  00795A                     l948:
   220                           
   221                           ;secuencia_main.c: 43:         if (!PORTBbits.RB7) {
   222  00795A  BE81               	btfsc	129,7,c	;volatile
   223  00795C  EFB2  F03C         	goto	u351
   224  007960  EFB4  F03C         	goto	u350
   225  007964                     u351:
   226  007964  EFD9  F03C         	goto	l970
   227  007968                     u350:
   228  007968                     
   229                           ;secuencia_main.c: 44:             _delay((unsigned long)((50)*(8000000/4000.0)));
   230  007968  0E82               	movlw	130
   231  00796A  6E0A               	movwf	??_main^0,c
   232  00796C  0EDE               	movlw	222
   233  00796E                     u587:
   234  00796E  2EE8               	decfsz	wreg,f,c
   235  007970  D7FE               	bra	u587
   236  007972  2E0A               	decfsz	??_main^0,f,c
   237  007974  D7FC               	bra	u587
   238  007976                     
   239                           ;secuencia_main.c: 45:             if(++efecto==5){efecto=1;}
   240  007976  2A10               	incf	_efecto^0,f,c
   241  007978  0E05               	movlw	5
   242  00797A  1810               	xorwf	_efecto^0,w,c
   243  00797C  A4D8               	btfss	status,2,c
   244  00797E  EFC3  F03C         	goto	u361
   245  007982  EFC5  F03C         	goto	u360
   246  007986                     u361:
   247  007986  EFD9  F03C         	goto	l970
   248  00798A                     u360:
   249  00798A  0E01               	movlw	1
   250  00798C  6E10               	movwf	_efecto^0,c
   251  00798E  EFD9  F03C         	goto	l970
   252  007992                     l956:
   253  007992  EC00  F03D         	call	_secuencial_Efecto1	;wreg free
   254                           
   255                           ;secuencia_main.c: 50:                 break;
   256  007996  EFAD  F03C         	goto	l948
   257  00799A                     l958:
   258  00799A  EC62  F03E         	call	_secuencial_Efecto2	;wreg free
   259                           
   260                           ;secuencia_main.c: 52:                 break;
   261  00799E  EFAD  F03C         	goto	l948
   262  0079A2                     l960:
   263  0079A2  ECB1  F03D         	call	_secuencial_Efecto3	;wreg free
   264                           
   265                           ;secuencia_main.c: 54:                 break;
   266  0079A6  EFAD  F03C         	goto	l948
   267  0079AA                     l962:
   268  0079AA  EC27  F03F         	call	_secuencial_Efecto4	;wreg free
   269                           
   270                           ;secuencia_main.c: 56:                 break;
   271  0079AE  EFAD  F03C         	goto	l948
   272  0079B2                     l970:
   273  0079B2  5010               	movf	_efecto^0,w,c
   274  0079B4  6E0A               	movwf	??_main^0,c
   275  0079B6  6A0B               	clrf	(??_main+1)^0,c
   276                           
   277                           ; Switch on 2 bytes has been partitioned into a top level switch of size 1, and 1 sub-sw
      +                          itches
   278                           ; Switch size 1, requested type "simple"
   279                           ; Number of cases is 1, Range of values is 0 to 0
   280                           ; switch strategies available:
   281                           ; Name         Instructions Cycles
   282                           ; simple_byte            4     3 (average)
   283                           ;	Chosen strategy is simple_byte
   284  0079B8  500B               	movf	(??_main+1)^0,w,c
   285  0079BA  0A00               	xorlw	0	; case 0
   286  0079BC  B4D8               	btfsc	status,2,c
   287  0079BE  EFE3  F03C         	goto	l1050
   288  0079C2  EFAD  F03C         	goto	l948
   289  0079C6                     l1050:
   290                           
   291                           ; Switch size 1, requested type "simple"
   292                           ; Number of cases is 6, Range of values is 1 to 6
   293                           ; switch strategies available:
   294                           ; Name         Instructions Cycles
   295                           ; simple_byte           19    10 (average)
   296                           ;	Chosen strategy is simple_byte
   297  0079C6  500A               	movf	??_main^0,w,c
   298  0079C8  0A01               	xorlw	1	; case 1
   299  0079CA  B4D8               	btfsc	status,2,c
   300  0079CC  EFC9  F03C         	goto	l956
   301  0079D0  0A03               	xorlw	3	; case 2
   302  0079D2  B4D8               	btfsc	status,2,c
   303  0079D4  EFCD  F03C         	goto	l958
   304  0079D8  0A01               	xorlw	1	; case 3
   305  0079DA  B4D8               	btfsc	status,2,c
   306  0079DC  EFD1  F03C         	goto	l960
   307  0079E0  0A07               	xorlw	7	; case 4
   308  0079E2  B4D8               	btfsc	status,2,c
   309  0079E4  EFD5  F03C         	goto	l962
   310  0079E8  0A01               	xorlw	1	; case 5
   311  0079EA  B4D8               	btfsc	status,2,c
   312  0079EC  EFD5  F03C         	goto	l962
   313  0079F0  0A03               	xorlw	3	; case 6
   314  0079F2  B4D8               	btfsc	status,2,c
   315  0079F4  EFD5  F03C         	goto	l962
   316  0079F8  EFAD  F03C         	goto	l948
   317  0079FC  EF00  F000         	goto	start
   318  007A00                     __end_of_main:
   319                           	callstack 0
   320                           
   321 ;; *************** function _secuencial_Efecto4 *****************
   322 ;; Defined at:
   323 ;;		line 111 in file "secuencia_main.c"
   324 ;; Parameters:    Size  Location     Type
   325 ;;		None
   326 ;; Auto vars:     Size  Location     Type
   327 ;;  i               2    3[COMRAM] int 
   328 ;;  n               2    7[COMRAM] volatile unsigned int 
   329 ;;  m               2    5[COMRAM] volatile unsigned int 
   330 ;; Return value:  Size  Location     Type
   331 ;;                  1    wreg      void 
   332 ;; Registers used:
   333 ;;		wreg, status,2, status,0
   334 ;; Tracked objects:
   335 ;;		On entry : 0/0
   336 ;;		On exit  : 0/0
   337 ;;		Unchanged: 0/0
   338 ;; Data sizes:     COMRAM   BANK0   BANK1   BANK2   BANK3   BANK4   BANK5   BANK6   BANK7
   339 ;;      Params:         0       0       0       0       0       0       0       0       0
   340 ;;      Locals:         6       0       0       0       0       0       0       0       0
   341 ;;      Temps:          3       0       0       0       0       0       0       0       0
   342 ;;      Totals:         9       0       0       0       0       0       0       0       0
   343 ;;Total ram usage:        9 bytes
   344 ;; Hardware stack levels used:    1
   345 ;; This function calls:
   346 ;;		Nothing
   347 ;; This function is called by:
   348 ;;		_main
   349 ;; This function uses a non-reentrant model
   350 ;;
   351                           
   352                           	psect	text1
   353  007E4E                     __ptext1:
   354                           	callstack 0
   355  007E4E                     _secuencial_Efecto4:
   356                           	callstack 30
   357  007E4E                     
   358                           ;secuencia_main.c: 112:     volatile unsigned int m=0,n=0;
   359  007E4E  0E00               	movlw	0
   360  007E50  6E07               	movwf	(secuencial_Efecto4@m+1)^0,c	;volatile
   361  007E52  0E00               	movlw	0
   362  007E54  6E06               	movwf	secuencial_Efecto4@m^0,c	;volatile
   363  007E56  0E00               	movlw	0
   364  007E58  6E09               	movwf	(secuencial_Efecto4@n+1)^0,c	;volatile
   365  007E5A  0E00               	movlw	0
   366  007E5C  6E08               	movwf	secuencial_Efecto4@n^0,c	;volatile
   367                           
   368                           ;secuencia_main.c: 113:     for (int i = 0; i < 5; i++) {
   369  007E5E  0E00               	movlw	0
   370  007E60  6E05               	movwf	(secuencial_Efecto4@i+1)^0,c
   371  007E62  0E00               	movlw	0
   372  007E64  6E04               	movwf	secuencial_Efecto4@i^0,c
   373  007E66                     l912:
   374                           
   375                           ;secuencia_main.c: 114:         LATD = m+n;
   376  007E66  5006               	movf	secuencial_Efecto4@m^0,w,c	;volatile
   377  007E68  2408               	addwf	secuencial_Efecto4@n^0,w,c	;volatile
   378  007E6A  6E8C               	movwf	140,c	;volatile
   379                           
   380                           ;secuencia_main.c: 115:         m += (1 << i) & 0x0f;
   381  007E6C  C004  F001         	movff	secuencial_Efecto4@i,??_secuencial_Efecto4
   382  007E70  0E01               	movlw	1
   383  007E72  6E02               	movwf	(??_secuencial_Efecto4+1)^0,c
   384  007E74  0E00               	movlw	0
   385  007E76  6E03               	movwf	(??_secuencial_Efecto4+2)^0,c
   386  007E78  2A01               	incf	??_secuencial_Efecto4^0,f,c
   387  007E7A  EF42  F03F         	goto	u264
   388  007E7E                     u265:
   389  007E7E  90D8               	bcf	status,0,c
   390  007E80  3602               	rlcf	(??_secuencial_Efecto4+1)^0,f,c
   391  007E82  3603               	rlcf	(??_secuencial_Efecto4+2)^0,f,c
   392  007E84                     u264:
   393  007E84  2E01               	decfsz	??_secuencial_Efecto4^0,f,c
   394  007E86  EF3F  F03F         	goto	u265
   395  007E8A  0E0F               	movlw	15
   396  007E8C  1602               	andwf	(??_secuencial_Efecto4+1)^0,f,c
   397  007E8E  0E00               	movlw	0
   398  007E90  1603               	andwf	(??_secuencial_Efecto4+2)^0,f,c
   399  007E92  5002               	movf	(??_secuencial_Efecto4+1)^0,w,c
   400  007E94  2606               	addwf	secuencial_Efecto4@m^0,f,c	;volatile
   401  007E96  5003               	movf	(??_secuencial_Efecto4+2)^0,w,c
   402  007E98  2207               	addwfc	(secuencial_Efecto4@m+1)^0,f,c	;volatile
   403                           
   404                           ;secuencia_main.c: 116:         n += (1 << (7-i)) & 0xf0;
   405  007E9A  5004               	movf	secuencial_Efecto4@i^0,w,c
   406  007E9C  0807               	sublw	7
   407  007E9E  6E01               	movwf	??_secuencial_Efecto4^0,c
   408  007EA0  0E01               	movlw	1
   409  007EA2  6E02               	movwf	(??_secuencial_Efecto4+1)^0,c
   410  007EA4  0E00               	movlw	0
   411  007EA6  6E03               	movwf	(??_secuencial_Efecto4+2)^0,c
   412  007EA8  2A01               	incf	??_secuencial_Efecto4^0,f,c
   413  007EAA  EF5A  F03F         	goto	u274
   414  007EAE                     u275:
   415  007EAE  90D8               	bcf	status,0,c
   416  007EB0  3602               	rlcf	(??_secuencial_Efecto4+1)^0,f,c
   417  007EB2  3603               	rlcf	(??_secuencial_Efecto4+2)^0,f,c
   418  007EB4                     u274:
   419  007EB4  2E01               	decfsz	??_secuencial_Efecto4^0,f,c
   420  007EB6  EF57  F03F         	goto	u275
   421  007EBA  0EF0               	movlw	240
   422  007EBC  1602               	andwf	(??_secuencial_Efecto4+1)^0,f,c
   423  007EBE  0E00               	movlw	0
   424  007EC0  1603               	andwf	(??_secuencial_Efecto4+2)^0,f,c
   425  007EC2  5002               	movf	(??_secuencial_Efecto4+1)^0,w,c
   426  007EC4  2608               	addwf	secuencial_Efecto4@n^0,f,c	;volatile
   427  007EC6  5003               	movf	(??_secuencial_Efecto4+2)^0,w,c
   428  007EC8  2209               	addwfc	(secuencial_Efecto4@n+1)^0,f,c	;volatile
   429                           
   430                           ;secuencia_main.c: 117:         if(velocidad==1){_delay((unsigned long)((50)*(8000000/40
      +                          00.0)));}
   431  007ECA  040C               	decf	_velocidad^0,w,c
   432  007ECC  100D               	iorwf	(_velocidad+1)^0,w,c
   433  007ECE  100E               	iorwf	(_velocidad+2)^0,w,c
   434  007ED0  100F               	iorwf	(_velocidad+3)^0,w,c
   435  007ED2  A4D8               	btfss	status,2,c
   436  007ED4  EF6E  F03F         	goto	u281
   437  007ED8  EF70  F03F         	goto	u280
   438  007EDC                     u281:
   439  007EDC  EF79  F03F         	goto	l916
   440  007EE0                     u280:
   441  007EE0  0E82               	movlw	130
   442  007EE2  6E01               	movwf	??_secuencial_Efecto4^0,c
   443  007EE4  0EDE               	movlw	222
   444  007EE6                     u597:
   445  007EE6  2EE8               	decfsz	wreg,f,c
   446  007EE8  D7FE               	bra	u597
   447  007EEA  2E01               	decfsz	??_secuencial_Efecto4^0,f,c
   448  007EEC  D7FC               	bra	u597
   449  007EEE  EFC7  F03F         	goto	l928
   450  007EF2                     l916:
   451  007EF2  0E02               	movlw	2
   452  007EF4  180C               	xorwf	_velocidad^0,w,c
   453  007EF6  100D               	iorwf	(_velocidad+1)^0,w,c
   454  007EF8  100E               	iorwf	(_velocidad+2)^0,w,c
   455  007EFA  100F               	iorwf	(_velocidad+3)^0,w,c
   456  007EFC  A4D8               	btfss	status,2,c
   457  007EFE  EF83  F03F         	goto	u291
   458  007F02  EF85  F03F         	goto	u290
   459  007F06                     u291:
   460  007F06  EF93  F03F         	goto	l920
   461  007F0A                     u290:
   462  007F0A  0E02               	movlw	2
   463  007F0C  6E02               	movwf	(??_secuencial_Efecto4+1)^0,c
   464  007F0E  0E04               	movlw	4
   465  007F10  6E01               	movwf	??_secuencial_Efecto4^0,c
   466  007F12  0EBA               	movlw	186
   467  007F14                     u607:
   468  007F14  2EE8               	decfsz	wreg,f,c
   469  007F16  D7FE               	bra	u607
   470  007F18  2E01               	decfsz	??_secuencial_Efecto4^0,f,c
   471  007F1A  D7FC               	bra	u607
   472  007F1C  2E02               	decfsz	(??_secuencial_Efecto4+1)^0,f,c
   473  007F1E  D7FA               	bra	u607
   474  007F20  D000               	nop2	
   475  007F22  EFC7  F03F         	goto	l928
   476  007F26                     l920:
   477  007F26  0E03               	movlw	3
   478  007F28  180C               	xorwf	_velocidad^0,w,c
   479  007F2A  100D               	iorwf	(_velocidad+1)^0,w,c
   480  007F2C  100E               	iorwf	(_velocidad+2)^0,w,c
   481  007F2E  100F               	iorwf	(_velocidad+3)^0,w,c
   482  007F30  A4D8               	btfss	status,2,c
   483  007F32  EF9D  F03F         	goto	u301
   484  007F36  EF9F  F03F         	goto	u300
   485  007F3A                     u301:
   486  007F3A  EFAD  F03F         	goto	l924
   487  007F3E                     u300:
   488  007F3E  0E03               	movlw	3
   489  007F40  6E02               	movwf	(??_secuencial_Efecto4+1)^0,c
   490  007F42  0E08               	movlw	8
   491  007F44  6E01               	movwf	??_secuencial_Efecto4^0,c
   492  007F46  0E77               	movlw	119
   493  007F48                     u617:
   494  007F48  2EE8               	decfsz	wreg,f,c
   495  007F4A  D7FE               	bra	u617
   496  007F4C  2E01               	decfsz	??_secuencial_Efecto4^0,f,c
   497  007F4E  D7FC               	bra	u617
   498  007F50  2E02               	decfsz	(??_secuencial_Efecto4+1)^0,f,c
   499  007F52  D7FA               	bra	u617
   500  007F54  F000               	nop	
   501  007F56  EFC7  F03F         	goto	l928
   502  007F5A                     l924:
   503  007F5A  0E04               	movlw	4
   504  007F5C  180C               	xorwf	_velocidad^0,w,c
   505  007F5E  100D               	iorwf	(_velocidad+1)^0,w,c
   506  007F60  100E               	iorwf	(_velocidad+2)^0,w,c
   507  007F62  100F               	iorwf	(_velocidad+3)^0,w,c
   508  007F64  A4D8               	btfss	status,2,c
   509  007F66  EFB7  F03F         	goto	u311
   510  007F6A  EFB9  F03F         	goto	u310
   511  007F6E                     u311:
   512  007F6E  EFC7  F03F         	goto	l92
   513  007F72                     u310:
   514  007F72  0E05               	movlw	5
   515  007F74  6E02               	movwf	(??_secuencial_Efecto4+1)^0,c
   516  007F76  0E0F               	movlw	15
   517  007F78  6E01               	movwf	??_secuencial_Efecto4^0,c
   518  007F7A  0EF1               	movlw	241
   519  007F7C                     u627:
   520  007F7C  2EE8               	decfsz	wreg,f,c
   521  007F7E  D7FE               	bra	u627
   522  007F80  2E01               	decfsz	??_secuencial_Efecto4^0,f,c
   523  007F82  D7FC               	bra	u627
   524  007F84  2E02               	decfsz	(??_secuencial_Efecto4+1)^0,f,c
   525  007F86  D7FA               	bra	u627
   526  007F88  F000               	nop	
   527  007F8A  EFC7  F03F         	goto	l928
   528  007F8E                     l92:
   529  007F8E                     l928:
   530                           
   531                           ;secuencia_main.c: 122:         if (!PORTBbits.RB6) {
   532  007F8E  BC81               	btfsc	129,6,c	;volatile
   533  007F90  EFCC  F03F         	goto	u321
   534  007F94  EFCE  F03F         	goto	u320
   535  007F98                     u321:
   536  007F98  EFEF  F03F         	goto	l936
   537  007F9C                     u320:
   538  007F9C                     
   539                           ;secuencia_main.c: 123:             _delay((unsigned long)((50)*(8000000/4000.0)));
   540  007F9C  0E82               	movlw	130
   541  007F9E  6E01               	movwf	??_secuencial_Efecto4^0,c
   542  007FA0  0EDE               	movlw	222
   543  007FA2                     u637:
   544  007FA2  2EE8               	decfsz	wreg,f,c
   545  007FA4  D7FE               	bra	u637
   546  007FA6  2E01               	decfsz	??_secuencial_Efecto4^0,f,c
   547  007FA8  D7FC               	bra	u637
   548  007FAA                     
   549                           ;secuencia_main.c: 124:             if(++velocidad==5){velocidad=1;}
   550  007FAA  0E01               	movlw	1
   551  007FAC  260C               	addwf	_velocidad^0,f,c
   552  007FAE  0E00               	movlw	0
   553  007FB0  220D               	addwfc	(_velocidad+1)^0,f,c
   554  007FB2  220E               	addwfc	(_velocidad+2)^0,f,c
   555  007FB4  220F               	addwfc	(_velocidad+3)^0,f,c
   556  007FB6  0E05               	movlw	5
   557  007FB8  180C               	xorwf	_velocidad^0,w,c
   558  007FBA  100D               	iorwf	(_velocidad+1)^0,w,c
   559  007FBC  100E               	iorwf	(_velocidad+2)^0,w,c
   560  007FBE  100F               	iorwf	(_velocidad+3)^0,w,c
   561  007FC0  A4D8               	btfss	status,2,c
   562  007FC2  EFE5  F03F         	goto	u331
   563  007FC6  EFE7  F03F         	goto	u330
   564  007FCA                     u331:
   565  007FCA  EFEF  F03F         	goto	l936
   566  007FCE                     u330:
   567  007FCE  0E01               	movlw	1
   568  007FD0  6E0C               	movwf	_velocidad^0,c
   569  007FD2  0E00               	movlw	0
   570  007FD4  6E0D               	movwf	(_velocidad+1)^0,c
   571  007FD6  0E00               	movlw	0
   572  007FD8  6E0E               	movwf	(_velocidad+2)^0,c
   573  007FDA  0E00               	movlw	0
   574  007FDC  6E0F               	movwf	(_velocidad+3)^0,c
   575  007FDE                     l936:
   576                           
   577                           ;secuencia_main.c: 126:     }
   578  007FDE  4A04               	infsnz	secuencial_Efecto4@i^0,f,c
   579  007FE0  2A05               	incf	(secuencial_Efecto4@i+1)^0,f,c
   580  007FE2  BE05               	btfsc	(secuencial_Efecto4@i+1)^0,7,c
   581  007FE4  EFFD  F03F         	goto	u341
   582  007FE8  5005               	movf	(secuencial_Efecto4@i+1)^0,w,c
   583  007FEA  E109               	bnz	u340
   584  007FEC  0E05               	movlw	5
   585  007FEE  5C04               	subwf	secuencial_Efecto4@i^0,w,c
   586  007FF0  A0D8               	btfss	status,0,c
   587  007FF2  EFFD  F03F         	goto	u341
   588  007FF6  EFFF  F03F         	goto	u340
   589  007FFA                     u341:
   590  007FFA  EF33  F03F         	goto	l912
   591  007FFE                     u340:
   592  007FFE  0012               	return		;funcret
   593  008000                     __end_of_secuencial_Efecto4:
   594                           	callstack 0
   595                           
   596 ;; *************** function _secuencial_Efecto3 *****************
   597 ;; Defined at:
   598 ;;		line 96 in file "secuencia_main.c"
   599 ;; Parameters:    Size  Location     Type
   600 ;;		None
   601 ;; Auto vars:     Size  Location     Type
   602 ;;  i               2    2[COMRAM] int 
   603 ;; Return value:  Size  Location     Type
   604 ;;                  1    wreg      void 
   605 ;; Registers used:
   606 ;;		wreg, status,2, status,0
   607 ;; Tracked objects:
   608 ;;		On entry : 0/0
   609 ;;		On exit  : 0/0
   610 ;;		Unchanged: 0/0
   611 ;; Data sizes:     COMRAM   BANK0   BANK1   BANK2   BANK3   BANK4   BANK5   BANK6   BANK7
   612 ;;      Params:         0       0       0       0       0       0       0       0       0
   613 ;;      Locals:         2       0       0       0       0       0       0       0       0
   614 ;;      Temps:          2       0       0       0       0       0       0       0       0
   615 ;;      Totals:         4       0       0       0       0       0       0       0       0
   616 ;;Total ram usage:        4 bytes
   617 ;; Hardware stack levels used:    1
   618 ;; This function calls:
   619 ;;		Nothing
   620 ;; This function is called by:
   621 ;;		_main
   622 ;; This function uses a non-reentrant model
   623 ;;
   624                           
   625                           	psect	text2
   626  007B62                     __ptext2:
   627                           	callstack 0
   628  007B62                     _secuencial_Efecto3:
   629                           	callstack 30
   630  007B62                     
   631                           ;secuencia_main.c: 97:     for (int i = 0; i < 9; i++) {
   632  007B62  0E00               	movlw	0
   633  007B64  6E04               	movwf	(secuencial_Efecto3@i+1)^0,c
   634  007B66  0E00               	movlw	0
   635  007B68  6E03               	movwf	secuencial_Efecto3@i^0,c
   636  007B6A                     l874:
   637  007B6A  BE04               	btfsc	(secuencial_Efecto3@i+1)^0,7,c
   638  007B6C  EFC1  F03D         	goto	u181
   639  007B70  5004               	movf	(secuencial_Efecto3@i+1)^0,w,c
   640  007B72  E109               	bnz	u180
   641  007B74  0E09               	movlw	9
   642  007B76  5C03               	subwf	secuencial_Efecto3@i^0,w,c
   643  007B78  A0D8               	btfss	status,0,c
   644  007B7A  EFC1  F03D         	goto	u181
   645  007B7E  EFC3  F03D         	goto	u180
   646  007B82                     u181:
   647  007B82  EFC5  F03D         	goto	l878
   648  007B86                     u180:
   649  007B86  EF61  F03E         	goto	l84
   650  007B8A                     l878:
   651                           
   652                           ;secuencia_main.c: 98:         LATD = (1 << i) - 1;
   653  007B8A  C003  F001         	movff	secuencial_Efecto3@i,??_secuencial_Efecto3
   654  007B8E  0E01               	movlw	1
   655  007B90  6E02               	movwf	(??_secuencial_Efecto3+1)^0,c
   656  007B92  2A01               	incf	??_secuencial_Efecto3^0,f,c
   657  007B94  EFCE  F03D         	goto	u194
   658  007B98                     u195:
   659  007B98  90D8               	bcf	status,0,c
   660  007B9A  3602               	rlcf	(??_secuencial_Efecto3+1)^0,f,c
   661  007B9C                     u194:
   662  007B9C  2E01               	decfsz	??_secuencial_Efecto3^0,f,c
   663  007B9E  EFCC  F03D         	goto	u195
   664  007BA2  0402               	decf	(??_secuencial_Efecto3+1)^0,w,c
   665  007BA4  6E8C               	movwf	140,c	;volatile
   666                           
   667                           ;secuencia_main.c: 99:         if(velocidad==1){_delay((unsigned long)((50)*(8000000/400
      +                          0.0)));}
   668  007BA6  040C               	decf	_velocidad^0,w,c
   669  007BA8  100D               	iorwf	(_velocidad+1)^0,w,c
   670  007BAA  100E               	iorwf	(_velocidad+2)^0,w,c
   671  007BAC  100F               	iorwf	(_velocidad+3)^0,w,c
   672  007BAE  A4D8               	btfss	status,2,c
   673  007BB0  EFDC  F03D         	goto	u201
   674  007BB4  EFDE  F03D         	goto	u200
   675  007BB8                     u201:
   676  007BB8  EFE7  F03D         	goto	l882
   677  007BBC                     u200:
   678  007BBC  0E82               	movlw	130
   679  007BBE  6E01               	movwf	??_secuencial_Efecto3^0,c
   680  007BC0  0EDE               	movlw	222
   681  007BC2                     u647:
   682  007BC2  2EE8               	decfsz	wreg,f,c
   683  007BC4  D7FE               	bra	u647
   684  007BC6  2E01               	decfsz	??_secuencial_Efecto3^0,f,c
   685  007BC8  D7FC               	bra	u647
   686  007BCA  EF35  F03E         	goto	l894
   687  007BCE                     l882:
   688  007BCE  0E02               	movlw	2
   689  007BD0  180C               	xorwf	_velocidad^0,w,c
   690  007BD2  100D               	iorwf	(_velocidad+1)^0,w,c
   691  007BD4  100E               	iorwf	(_velocidad+2)^0,w,c
   692  007BD6  100F               	iorwf	(_velocidad+3)^0,w,c
   693  007BD8  A4D8               	btfss	status,2,c
   694  007BDA  EFF1  F03D         	goto	u211
   695  007BDE  EFF3  F03D         	goto	u210
   696  007BE2                     u211:
   697  007BE2  EF01  F03E         	goto	l886
   698  007BE6                     u210:
   699  007BE6  0E02               	movlw	2
   700  007BE8  6E02               	movwf	(??_secuencial_Efecto3+1)^0,c
   701  007BEA  0E04               	movlw	4
   702  007BEC  6E01               	movwf	??_secuencial_Efecto3^0,c
   703  007BEE  0EBA               	movlw	186
   704  007BF0                     u657:
   705  007BF0  2EE8               	decfsz	wreg,f,c
   706  007BF2  D7FE               	bra	u657
   707  007BF4  2E01               	decfsz	??_secuencial_Efecto3^0,f,c
   708  007BF6  D7FC               	bra	u657
   709  007BF8  2E02               	decfsz	(??_secuencial_Efecto3+1)^0,f,c
   710  007BFA  D7FA               	bra	u657
   711  007BFC  D000               	nop2	
   712  007BFE  EF35  F03E         	goto	l894
   713  007C02                     l886:
   714  007C02  0E03               	movlw	3
   715  007C04  180C               	xorwf	_velocidad^0,w,c
   716  007C06  100D               	iorwf	(_velocidad+1)^0,w,c
   717  007C08  100E               	iorwf	(_velocidad+2)^0,w,c
   718  007C0A  100F               	iorwf	(_velocidad+3)^0,w,c
   719  007C0C  A4D8               	btfss	status,2,c
   720  007C0E  EF0B  F03E         	goto	u221
   721  007C12  EF0D  F03E         	goto	u220
   722  007C16                     u221:
   723  007C16  EF1B  F03E         	goto	l890
   724  007C1A                     u220:
   725  007C1A  0E03               	movlw	3
   726  007C1C  6E02               	movwf	(??_secuencial_Efecto3+1)^0,c
   727  007C1E  0E08               	movlw	8
   728  007C20  6E01               	movwf	??_secuencial_Efecto3^0,c
   729  007C22  0E77               	movlw	119
   730  007C24                     u667:
   731  007C24  2EE8               	decfsz	wreg,f,c
   732  007C26  D7FE               	bra	u667
   733  007C28  2E01               	decfsz	??_secuencial_Efecto3^0,f,c
   734  007C2A  D7FC               	bra	u667
   735  007C2C  2E02               	decfsz	(??_secuencial_Efecto3+1)^0,f,c
   736  007C2E  D7FA               	bra	u667
   737  007C30  F000               	nop	
   738  007C32  EF35  F03E         	goto	l894
   739  007C36                     l890:
   740  007C36  0E04               	movlw	4
   741  007C38  180C               	xorwf	_velocidad^0,w,c
   742  007C3A  100D               	iorwf	(_velocidad+1)^0,w,c
   743  007C3C  100E               	iorwf	(_velocidad+2)^0,w,c
   744  007C3E  100F               	iorwf	(_velocidad+3)^0,w,c
   745  007C40  A4D8               	btfss	status,2,c
   746  007C42  EF25  F03E         	goto	u231
   747  007C46  EF27  F03E         	goto	u230
   748  007C4A                     u231:
   749  007C4A  EF35  F03E         	goto	l78
   750  007C4E                     u230:
   751  007C4E  0E05               	movlw	5
   752  007C50  6E02               	movwf	(??_secuencial_Efecto3+1)^0,c
   753  007C52  0E0F               	movlw	15
   754  007C54  6E01               	movwf	??_secuencial_Efecto3^0,c
   755  007C56  0EF1               	movlw	241
   756  007C58                     u677:
   757  007C58  2EE8               	decfsz	wreg,f,c
   758  007C5A  D7FE               	bra	u677
   759  007C5C  2E01               	decfsz	??_secuencial_Efecto3^0,f,c
   760  007C5E  D7FC               	bra	u677
   761  007C60  2E02               	decfsz	(??_secuencial_Efecto3+1)^0,f,c
   762  007C62  D7FA               	bra	u677
   763  007C64  F000               	nop	
   764  007C66  EF35  F03E         	goto	l894
   765  007C6A                     l78:
   766  007C6A                     l894:
   767                           
   768                           ;secuencia_main.c: 104:         if (!PORTBbits.RB6) {
   769  007C6A  BC81               	btfsc	129,6,c	;volatile
   770  007C6C  EF3A  F03E         	goto	u241
   771  007C70  EF3C  F03E         	goto	u240
   772  007C74                     u241:
   773  007C74  EF5D  F03E         	goto	l902
   774  007C78                     u240:
   775  007C78                     
   776                           ;secuencia_main.c: 105:             _delay((unsigned long)((50)*(8000000/4000.0)));
   777  007C78  0E82               	movlw	130
   778  007C7A  6E01               	movwf	??_secuencial_Efecto3^0,c
   779  007C7C  0EDE               	movlw	222
   780  007C7E                     u687:
   781  007C7E  2EE8               	decfsz	wreg,f,c
   782  007C80  D7FE               	bra	u687
   783  007C82  2E01               	decfsz	??_secuencial_Efecto3^0,f,c
   784  007C84  D7FC               	bra	u687
   785  007C86                     
   786                           ;secuencia_main.c: 106:             if(++velocidad==5){velocidad=1;}
   787  007C86  0E01               	movlw	1
   788  007C88  260C               	addwf	_velocidad^0,f,c
   789  007C8A  0E00               	movlw	0
   790  007C8C  220D               	addwfc	(_velocidad+1)^0,f,c
   791  007C8E  220E               	addwfc	(_velocidad+2)^0,f,c
   792  007C90  220F               	addwfc	(_velocidad+3)^0,f,c
   793  007C92  0E05               	movlw	5
   794  007C94  180C               	xorwf	_velocidad^0,w,c
   795  007C96  100D               	iorwf	(_velocidad+1)^0,w,c
   796  007C98  100E               	iorwf	(_velocidad+2)^0,w,c
   797  007C9A  100F               	iorwf	(_velocidad+3)^0,w,c
   798  007C9C  A4D8               	btfss	status,2,c
   799  007C9E  EF53  F03E         	goto	u251
   800  007CA2  EF55  F03E         	goto	u250
   801  007CA6                     u251:
   802  007CA6  EF5D  F03E         	goto	l902
   803  007CAA                     u250:
   804  007CAA  0E01               	movlw	1
   805  007CAC  6E0C               	movwf	_velocidad^0,c
   806  007CAE  0E00               	movlw	0
   807  007CB0  6E0D               	movwf	(_velocidad+1)^0,c
   808  007CB2  0E00               	movlw	0
   809  007CB4  6E0E               	movwf	(_velocidad+2)^0,c
   810  007CB6  0E00               	movlw	0
   811  007CB8  6E0F               	movwf	(_velocidad+3)^0,c
   812  007CBA                     l902:
   813                           
   814                           ;secuencia_main.c: 108:     }
   815  007CBA  4A03               	infsnz	secuencial_Efecto3@i^0,f,c
   816  007CBC  2A04               	incf	(secuencial_Efecto3@i+1)^0,f,c
   817  007CBE  EFB5  F03D         	goto	l874
   818  007CC2                     l84:
   819  007CC2  0012               	return		;funcret
   820  007CC4                     __end_of_secuencial_Efecto3:
   821                           	callstack 0
   822                           
   823 ;; *************** function _secuencial_Efecto2 *****************
   824 ;; Defined at:
   825 ;;		line 81 in file "secuencia_main.c"
   826 ;; Parameters:    Size  Location     Type
   827 ;;		None
   828 ;; Auto vars:     Size  Location     Type
   829 ;;  i               2    6[COMRAM] int 
   830 ;;  j               2    4[COMRAM] int 
   831 ;; Return value:  Size  Location     Type
   832 ;;                  1    wreg      void 
   833 ;; Registers used:
   834 ;;		wreg, status,2, status,0
   835 ;; Tracked objects:
   836 ;;		On entry : 0/0
   837 ;;		On exit  : 0/0
   838 ;;		Unchanged: 0/0
   839 ;; Data sizes:     COMRAM   BANK0   BANK1   BANK2   BANK3   BANK4   BANK5   BANK6   BANK7
   840 ;;      Params:         0       0       0       0       0       0       0       0       0
   841 ;;      Locals:         4       0       0       0       0       0       0       0       0
   842 ;;      Temps:          4       0       0       0       0       0       0       0       0
   843 ;;      Totals:         8       0       0       0       0       0       0       0       0
   844 ;;Total ram usage:        8 bytes
   845 ;; Hardware stack levels used:    1
   846 ;; This function calls:
   847 ;;		Nothing
   848 ;; This function is called by:
   849 ;;		_main
   850 ;; This function uses a non-reentrant model
   851 ;;
   852                           
   853                           	psect	text3
   854  007CC4                     __ptext3:
   855                           	callstack 0
   856  007CC4                     _secuencial_Efecto2:
   857                           	callstack 30
   858  007CC4                     
   859                           ;secuencia_main.c: 82:     for (int i = 0, j = 7; i < 8; i++, j--) {
   860  007CC4  0E00               	movlw	0
   861  007CC6  6E08               	movwf	(secuencial_Efecto2@i+1)^0,c
   862  007CC8  0E00               	movlw	0
   863  007CCA  6E07               	movwf	secuencial_Efecto2@i^0,c
   864  007CCC  0E00               	movlw	0
   865  007CCE  6E06               	movwf	(secuencial_Efecto2@j+1)^0,c
   866  007CD0  0E07               	movlw	7
   867  007CD2  6E05               	movwf	secuencial_Efecto2@j^0,c
   868  007CD4                     l838:
   869  007CD4  BE08               	btfsc	(secuencial_Efecto2@i+1)^0,7,c
   870  007CD6  EF76  F03E         	goto	u91
   871  007CDA  5008               	movf	(secuencial_Efecto2@i+1)^0,w,c
   872  007CDC  E109               	bnz	u90
   873  007CDE  0E08               	movlw	8
   874  007CE0  5C07               	subwf	secuencial_Efecto2@i^0,w,c
   875  007CE2  A0D8               	btfss	status,0,c
   876  007CE4  EF76  F03E         	goto	u91
   877  007CE8  EF78  F03E         	goto	u90
   878  007CEC                     u91:
   879  007CEC  EF7A  F03E         	goto	l842
   880  007CF0                     u90:
   881  007CF0  EF26  F03F         	goto	l70
   882  007CF4                     l842:
   883                           
   884                           ;secuencia_main.c: 83:         LATD = (1 << i) + (1 << j);
   885  007CF4  C005  F001         	movff	secuencial_Efecto2@j,??_secuencial_Efecto2
   886  007CF8  0E01               	movlw	1
   887  007CFA  6E02               	movwf	(??_secuencial_Efecto2+1)^0,c
   888  007CFC  2A01               	incf	??_secuencial_Efecto2^0,f,c
   889  007CFE  EF83  F03E         	goto	u104
   890  007D02                     u105:
   891  007D02  90D8               	bcf	status,0,c
   892  007D04  3602               	rlcf	(??_secuencial_Efecto2+1)^0,f,c
   893  007D06                     u104:
   894  007D06  2E01               	decfsz	??_secuencial_Efecto2^0,f,c
   895  007D08  EF81  F03E         	goto	u105
   896  007D0C  C007  F003         	movff	secuencial_Efecto2@i,??_secuencial_Efecto2+2
   897  007D10  0E01               	movlw	1
   898  007D12  6E04               	movwf	(??_secuencial_Efecto2+3)^0,c
   899  007D14  2A03               	incf	(??_secuencial_Efecto2+2)^0,f,c
   900  007D16  EF8F  F03E         	goto	u114
   901  007D1A                     u115:
   902  007D1A  90D8               	bcf	status,0,c
   903  007D1C  3604               	rlcf	(??_secuencial_Efecto2+3)^0,f,c
   904  007D1E                     u114:
   905  007D1E  2E03               	decfsz	(??_secuencial_Efecto2+2)^0,f,c
   906  007D20  EF8D  F03E         	goto	u115
   907  007D24  5004               	movf	(??_secuencial_Efecto2+3)^0,w,c
   908  007D26  2402               	addwf	(??_secuencial_Efecto2+1)^0,w,c
   909  007D28  6E8C               	movwf	140,c	;volatile
   910                           
   911                           ;secuencia_main.c: 84:         if(velocidad==1){_delay((unsigned long)((50)*(8000000/400
      +                          0.0)));}
   912  007D2A  040C               	decf	_velocidad^0,w,c
   913  007D2C  100D               	iorwf	(_velocidad+1)^0,w,c
   914  007D2E  100E               	iorwf	(_velocidad+2)^0,w,c
   915  007D30  100F               	iorwf	(_velocidad+3)^0,w,c
   916  007D32  A4D8               	btfss	status,2,c
   917  007D34  EF9E  F03E         	goto	u121
   918  007D38  EFA0  F03E         	goto	u120
   919  007D3C                     u121:
   920  007D3C  EFA9  F03E         	goto	l846
   921  007D40                     u120:
   922  007D40  0E82               	movlw	130
   923  007D42  6E01               	movwf	??_secuencial_Efecto2^0,c
   924  007D44  0EDE               	movlw	222
   925  007D46                     u697:
   926  007D46  2EE8               	decfsz	wreg,f,c
   927  007D48  D7FE               	bra	u697
   928  007D4A  2E01               	decfsz	??_secuencial_Efecto2^0,f,c
   929  007D4C  D7FC               	bra	u697
   930  007D4E  EFF7  F03E         	goto	l858
   931  007D52                     l846:
   932  007D52  0E02               	movlw	2
   933  007D54  180C               	xorwf	_velocidad^0,w,c
   934  007D56  100D               	iorwf	(_velocidad+1)^0,w,c
   935  007D58  100E               	iorwf	(_velocidad+2)^0,w,c
   936  007D5A  100F               	iorwf	(_velocidad+3)^0,w,c
   937  007D5C  A4D8               	btfss	status,2,c
   938  007D5E  EFB3  F03E         	goto	u131
   939  007D62  EFB5  F03E         	goto	u130
   940  007D66                     u131:
   941  007D66  EFC3  F03E         	goto	l850
   942  007D6A                     u130:
   943  007D6A  0E02               	movlw	2
   944  007D6C  6E02               	movwf	(??_secuencial_Efecto2+1)^0,c
   945  007D6E  0E04               	movlw	4
   946  007D70  6E01               	movwf	??_secuencial_Efecto2^0,c
   947  007D72  0EBA               	movlw	186
   948  007D74                     u707:
   949  007D74  2EE8               	decfsz	wreg,f,c
   950  007D76  D7FE               	bra	u707
   951  007D78  2E01               	decfsz	??_secuencial_Efecto2^0,f,c
   952  007D7A  D7FC               	bra	u707
   953  007D7C  2E02               	decfsz	(??_secuencial_Efecto2+1)^0,f,c
   954  007D7E  D7FA               	bra	u707
   955  007D80  D000               	nop2	
   956  007D82  EFF7  F03E         	goto	l858
   957  007D86                     l850:
   958  007D86  0E03               	movlw	3
   959  007D88  180C               	xorwf	_velocidad^0,w,c
   960  007D8A  100D               	iorwf	(_velocidad+1)^0,w,c
   961  007D8C  100E               	iorwf	(_velocidad+2)^0,w,c
   962  007D8E  100F               	iorwf	(_velocidad+3)^0,w,c
   963  007D90  A4D8               	btfss	status,2,c
   964  007D92  EFCD  F03E         	goto	u141
   965  007D96  EFCF  F03E         	goto	u140
   966  007D9A                     u141:
   967  007D9A  EFDD  F03E         	goto	l854
   968  007D9E                     u140:
   969  007D9E  0E03               	movlw	3
   970  007DA0  6E02               	movwf	(??_secuencial_Efecto2+1)^0,c
   971  007DA2  0E08               	movlw	8
   972  007DA4  6E01               	movwf	??_secuencial_Efecto2^0,c
   973  007DA6  0E77               	movlw	119
   974  007DA8                     u717:
   975  007DA8  2EE8               	decfsz	wreg,f,c
   976  007DAA  D7FE               	bra	u717
   977  007DAC  2E01               	decfsz	??_secuencial_Efecto2^0,f,c
   978  007DAE  D7FC               	bra	u717
   979  007DB0  2E02               	decfsz	(??_secuencial_Efecto2+1)^0,f,c
   980  007DB2  D7FA               	bra	u717
   981  007DB4  F000               	nop	
   982  007DB6  EFF7  F03E         	goto	l858
   983  007DBA                     l854:
   984  007DBA  0E04               	movlw	4
   985  007DBC  180C               	xorwf	_velocidad^0,w,c
   986  007DBE  100D               	iorwf	(_velocidad+1)^0,w,c
   987  007DC0  100E               	iorwf	(_velocidad+2)^0,w,c
   988  007DC2  100F               	iorwf	(_velocidad+3)^0,w,c
   989  007DC4  A4D8               	btfss	status,2,c
   990  007DC6  EFE7  F03E         	goto	u151
   991  007DCA  EFE9  F03E         	goto	u150
   992  007DCE                     u151:
   993  007DCE  EFF7  F03E         	goto	l64
   994  007DD2                     u150:
   995  007DD2  0E05               	movlw	5
   996  007DD4  6E02               	movwf	(??_secuencial_Efecto2+1)^0,c
   997  007DD6  0E0F               	movlw	15
   998  007DD8  6E01               	movwf	??_secuencial_Efecto2^0,c
   999  007DDA  0EF1               	movlw	241
  1000  007DDC                     u727:
  1001  007DDC  2EE8               	decfsz	wreg,f,c
  1002  007DDE  D7FE               	bra	u727
  1003  007DE0  2E01               	decfsz	??_secuencial_Efecto2^0,f,c
  1004  007DE2  D7FC               	bra	u727
  1005  007DE4  2E02               	decfsz	(??_secuencial_Efecto2+1)^0,f,c
  1006  007DE6  D7FA               	bra	u727
  1007  007DE8  F000               	nop	
  1008  007DEA  EFF7  F03E         	goto	l858
  1009  007DEE                     l64:
  1010  007DEE                     l858:
  1011                           
  1012                           ;secuencia_main.c: 89:         if (!PORTBbits.RB6) {
  1013  007DEE  BC81               	btfsc	129,6,c	;volatile
  1014  007DF0  EFFC  F03E         	goto	u161
  1015  007DF4  EFFE  F03E         	goto	u160
  1016  007DF8                     u161:
  1017  007DF8  EF1F  F03F         	goto	l866
  1018  007DFC                     u160:
  1019  007DFC                     
  1020                           ;secuencia_main.c: 90:             _delay((unsigned long)((50)*(8000000/4000.0)));
  1021  007DFC  0E82               	movlw	130
  1022  007DFE  6E01               	movwf	??_secuencial_Efecto2^0,c
  1023  007E00  0EDE               	movlw	222
  1024  007E02                     u737:
  1025  007E02  2EE8               	decfsz	wreg,f,c
  1026  007E04  D7FE               	bra	u737
  1027  007E06  2E01               	decfsz	??_secuencial_Efecto2^0,f,c
  1028  007E08  D7FC               	bra	u737
  1029  007E0A                     
  1030                           ;secuencia_main.c: 91:             if(++velocidad==5){velocidad=1;}
  1031  007E0A  0E01               	movlw	1
  1032  007E0C  260C               	addwf	_velocidad^0,f,c
  1033  007E0E  0E00               	movlw	0
  1034  007E10  220D               	addwfc	(_velocidad+1)^0,f,c
  1035  007E12  220E               	addwfc	(_velocidad+2)^0,f,c
  1036  007E14  220F               	addwfc	(_velocidad+3)^0,f,c
  1037  007E16  0E05               	movlw	5
  1038  007E18  180C               	xorwf	_velocidad^0,w,c
  1039  007E1A  100D               	iorwf	(_velocidad+1)^0,w,c
  1040  007E1C  100E               	iorwf	(_velocidad+2)^0,w,c
  1041  007E1E  100F               	iorwf	(_velocidad+3)^0,w,c
  1042  007E20  A4D8               	btfss	status,2,c
  1043  007E22  EF15  F03F         	goto	u171
  1044  007E26  EF17  F03F         	goto	u170
  1045  007E2A                     u171:
  1046  007E2A  EF1F  F03F         	goto	l866
  1047  007E2E                     u170:
  1048  007E2E  0E01               	movlw	1
  1049  007E30  6E0C               	movwf	_velocidad^0,c
  1050  007E32  0E00               	movlw	0
  1051  007E34  6E0D               	movwf	(_velocidad+1)^0,c
  1052  007E36  0E00               	movlw	0
  1053  007E38  6E0E               	movwf	(_velocidad+2)^0,c
  1054  007E3A  0E00               	movlw	0
  1055  007E3C  6E0F               	movwf	(_velocidad+3)^0,c
  1056  007E3E                     l866:
  1057                           
  1058                           ;secuencia_main.c: 93:     }
  1059  007E3E  4A07               	infsnz	secuencial_Efecto2@i^0,f,c
  1060  007E40  2A08               	incf	(secuencial_Efecto2@i+1)^0,f,c
  1061  007E42  0605               	decf	secuencial_Efecto2@j^0,f,c
  1062  007E44  A0D8               	btfss	status,0,c
  1063  007E46  0606               	decf	(secuencial_Efecto2@j+1)^0,f,c
  1064  007E48  EF6A  F03E         	goto	l838
  1065  007E4C                     l70:
  1066  007E4C  0012               	return		;funcret
  1067  007E4E                     __end_of_secuencial_Efecto2:
  1068                           	callstack 0
  1069                           
  1070 ;; *************** function _secuencial_Efecto1 *****************
  1071 ;; Defined at:
  1072 ;;		line 66 in file "secuencia_main.c"
  1073 ;; Parameters:    Size  Location     Type
  1074 ;;		None
  1075 ;; Auto vars:     Size  Location     Type
  1076 ;;  i               2    2[COMRAM] int 
  1077 ;; Return value:  Size  Location     Type
  1078 ;;                  1    wreg      void 
  1079 ;; Registers used:
  1080 ;;		wreg, status,2, status,0
  1081 ;; Tracked objects:
  1082 ;;		On entry : 0/0
  1083 ;;		On exit  : 0/0
  1084 ;;		Unchanged: 0/0
  1085 ;; Data sizes:     COMRAM   BANK0   BANK1   BANK2   BANK3   BANK4   BANK5   BANK6   BANK7
  1086 ;;      Params:         0       0       0       0       0       0       0       0       0
  1087 ;;      Locals:         2       0       0       0       0       0       0       0       0
  1088 ;;      Temps:          2       0       0       0       0       0       0       0       0
  1089 ;;      Totals:         4       0       0       0       0       0       0       0       0
  1090 ;;Total ram usage:        4 bytes
  1091 ;; Hardware stack levels used:    1
  1092 ;; This function calls:
  1093 ;;		Nothing
  1094 ;; This function is called by:
  1095 ;;		_main
  1096 ;; This function uses a non-reentrant model
  1097 ;;
  1098                           
  1099                           	psect	text4
  1100  007A00                     __ptext4:
  1101                           	callstack 0
  1102  007A00                     _secuencial_Efecto1:
  1103                           	callstack 30
  1104  007A00                     
  1105                           ;secuencia_main.c: 67:     for (int i = 0; i < 8; i++) {
  1106  007A00  0E00               	movlw	0
  1107  007A02  6E04               	movwf	(secuencial_Efecto1@i+1)^0,c
  1108  007A04  0E00               	movlw	0
  1109  007A06  6E03               	movwf	secuencial_Efecto1@i^0,c
  1110  007A08                     l804:
  1111  007A08  BE04               	btfsc	(secuencial_Efecto1@i+1)^0,7,c
  1112  007A0A  EF10  F03D         	goto	u11
  1113  007A0E  5004               	movf	(secuencial_Efecto1@i+1)^0,w,c
  1114  007A10  E109               	bnz	u10
  1115  007A12  0E08               	movlw	8
  1116  007A14  5C03               	subwf	secuencial_Efecto1@i^0,w,c
  1117  007A16  A0D8               	btfss	status,0,c
  1118  007A18  EF10  F03D         	goto	u11
  1119  007A1C  EF12  F03D         	goto	u10
  1120  007A20                     u11:
  1121  007A20  EF14  F03D         	goto	l808
  1122  007A24                     u10:
  1123  007A24  EFB0  F03D         	goto	l56
  1124  007A28                     l808:
  1125                           
  1126                           ;secuencia_main.c: 68:         LATD = 1 << i;
  1127  007A28  C003  F001         	movff	secuencial_Efecto1@i,??_secuencial_Efecto1
  1128  007A2C  0E01               	movlw	1
  1129  007A2E  6E02               	movwf	(??_secuencial_Efecto1+1)^0,c
  1130  007A30  2A01               	incf	??_secuencial_Efecto1^0,f,c
  1131  007A32  EF1D  F03D         	goto	u24
  1132  007A36                     u25:
  1133  007A36  90D8               	bcf	status,0,c
  1134  007A38  3602               	rlcf	(??_secuencial_Efecto1+1)^0,f,c
  1135  007A3A                     u24:
  1136  007A3A  2E01               	decfsz	??_secuencial_Efecto1^0,f,c
  1137  007A3C  EF1B  F03D         	goto	u25
  1138  007A40  5002               	movf	(??_secuencial_Efecto1+1)^0,w,c
  1139  007A42  6E8C               	movwf	140,c	;volatile
  1140                           
  1141                           ;secuencia_main.c: 69:         if(velocidad==1){_delay((unsigned long)((50)*(8000000/400
      +                          0.0)));}
  1142  007A44  040C               	decf	_velocidad^0,w,c
  1143  007A46  100D               	iorwf	(_velocidad+1)^0,w,c
  1144  007A48  100E               	iorwf	(_velocidad+2)^0,w,c
  1145  007A4A  100F               	iorwf	(_velocidad+3)^0,w,c
  1146  007A4C  A4D8               	btfss	status,2,c
  1147  007A4E  EF2B  F03D         	goto	u31
  1148  007A52  EF2D  F03D         	goto	u30
  1149  007A56                     u31:
  1150  007A56  EF36  F03D         	goto	l812
  1151  007A5A                     u30:
  1152  007A5A  0E82               	movlw	130
  1153  007A5C  6E01               	movwf	??_secuencial_Efecto1^0,c
  1154  007A5E  0EDE               	movlw	222
  1155  007A60                     u747:
  1156  007A60  2EE8               	decfsz	wreg,f,c
  1157  007A62  D7FE               	bra	u747
  1158  007A64  2E01               	decfsz	??_secuencial_Efecto1^0,f,c
  1159  007A66  D7FC               	bra	u747
  1160  007A68  EF84  F03D         	goto	l824
  1161  007A6C                     l812:
  1162  007A6C  0E02               	movlw	2
  1163  007A6E  180C               	xorwf	_velocidad^0,w,c
  1164  007A70  100D               	iorwf	(_velocidad+1)^0,w,c
  1165  007A72  100E               	iorwf	(_velocidad+2)^0,w,c
  1166  007A74  100F               	iorwf	(_velocidad+3)^0,w,c
  1167  007A76  A4D8               	btfss	status,2,c
  1168  007A78  EF40  F03D         	goto	u41
  1169  007A7C  EF42  F03D         	goto	u40
  1170  007A80                     u41:
  1171  007A80  EF50  F03D         	goto	l816
  1172  007A84                     u40:
  1173  007A84  0E02               	movlw	2
  1174  007A86  6E02               	movwf	(??_secuencial_Efecto1+1)^0,c
  1175  007A88  0E04               	movlw	4
  1176  007A8A  6E01               	movwf	??_secuencial_Efecto1^0,c
  1177  007A8C  0EBA               	movlw	186
  1178  007A8E                     u757:
  1179  007A8E  2EE8               	decfsz	wreg,f,c
  1180  007A90  D7FE               	bra	u757
  1181  007A92  2E01               	decfsz	??_secuencial_Efecto1^0,f,c
  1182  007A94  D7FC               	bra	u757
  1183  007A96  2E02               	decfsz	(??_secuencial_Efecto1+1)^0,f,c
  1184  007A98  D7FA               	bra	u757
  1185  007A9A  D000               	nop2	
  1186  007A9C  EF84  F03D         	goto	l824
  1187  007AA0                     l816:
  1188  007AA0  0E03               	movlw	3
  1189  007AA2  180C               	xorwf	_velocidad^0,w,c
  1190  007AA4  100D               	iorwf	(_velocidad+1)^0,w,c
  1191  007AA6  100E               	iorwf	(_velocidad+2)^0,w,c
  1192  007AA8  100F               	iorwf	(_velocidad+3)^0,w,c
  1193  007AAA  A4D8               	btfss	status,2,c
  1194  007AAC  EF5A  F03D         	goto	u51
  1195  007AB0  EF5C  F03D         	goto	u50
  1196  007AB4                     u51:
  1197  007AB4  EF6A  F03D         	goto	l820
  1198  007AB8                     u50:
  1199  007AB8  0E03               	movlw	3
  1200  007ABA  6E02               	movwf	(??_secuencial_Efecto1+1)^0,c
  1201  007ABC  0E08               	movlw	8
  1202  007ABE  6E01               	movwf	??_secuencial_Efecto1^0,c
  1203  007AC0  0E77               	movlw	119
  1204  007AC2                     u767:
  1205  007AC2  2EE8               	decfsz	wreg,f,c
  1206  007AC4  D7FE               	bra	u767
  1207  007AC6  2E01               	decfsz	??_secuencial_Efecto1^0,f,c
  1208  007AC8  D7FC               	bra	u767
  1209  007ACA  2E02               	decfsz	(??_secuencial_Efecto1+1)^0,f,c
  1210  007ACC  D7FA               	bra	u767
  1211  007ACE  F000               	nop	
  1212  007AD0  EF84  F03D         	goto	l824
  1213  007AD4                     l820:
  1214  007AD4  0E04               	movlw	4
  1215  007AD6  180C               	xorwf	_velocidad^0,w,c
  1216  007AD8  100D               	iorwf	(_velocidad+1)^0,w,c
  1217  007ADA  100E               	iorwf	(_velocidad+2)^0,w,c
  1218  007ADC  100F               	iorwf	(_velocidad+3)^0,w,c
  1219  007ADE  A4D8               	btfss	status,2,c
  1220  007AE0  EF74  F03D         	goto	u61
  1221  007AE4  EF76  F03D         	goto	u60
  1222  007AE8                     u61:
  1223  007AE8  EF84  F03D         	goto	l50
  1224  007AEC                     u60:
  1225  007AEC  0E05               	movlw	5
  1226  007AEE  6E02               	movwf	(??_secuencial_Efecto1+1)^0,c
  1227  007AF0  0E0F               	movlw	15
  1228  007AF2  6E01               	movwf	??_secuencial_Efecto1^0,c
  1229  007AF4  0EF1               	movlw	241
  1230  007AF6                     u777:
  1231  007AF6  2EE8               	decfsz	wreg,f,c
  1232  007AF8  D7FE               	bra	u777
  1233  007AFA  2E01               	decfsz	??_secuencial_Efecto1^0,f,c
  1234  007AFC  D7FC               	bra	u777
  1235  007AFE  2E02               	decfsz	(??_secuencial_Efecto1+1)^0,f,c
  1236  007B00  D7FA               	bra	u777
  1237  007B02  F000               	nop	
  1238  007B04  EF84  F03D         	goto	l824
  1239  007B08                     l50:
  1240  007B08                     l824:
  1241                           
  1242                           ;secuencia_main.c: 74:         if (!PORTBbits.RB6) {
  1243  007B08  BC81               	btfsc	129,6,c	;volatile
  1244  007B0A  EF89  F03D         	goto	u71
  1245  007B0E  EF8B  F03D         	goto	u70
  1246  007B12                     u71:
  1247  007B12  EFAC  F03D         	goto	l832
  1248  007B16                     u70:
  1249  007B16                     
  1250                           ;secuencia_main.c: 75:             _delay((unsigned long)((50)*(8000000/4000.0)));
  1251  007B16  0E82               	movlw	130
  1252  007B18  6E01               	movwf	??_secuencial_Efecto1^0,c
  1253  007B1A  0EDE               	movlw	222
  1254  007B1C                     u787:
  1255  007B1C  2EE8               	decfsz	wreg,f,c
  1256  007B1E  D7FE               	bra	u787
  1257  007B20  2E01               	decfsz	??_secuencial_Efecto1^0,f,c
  1258  007B22  D7FC               	bra	u787
  1259  007B24                     
  1260                           ;secuencia_main.c: 76:             if(++velocidad==5){velocidad=1;}
  1261  007B24  0E01               	movlw	1
  1262  007B26  260C               	addwf	_velocidad^0,f,c
  1263  007B28  0E00               	movlw	0
  1264  007B2A  220D               	addwfc	(_velocidad+1)^0,f,c
  1265  007B2C  220E               	addwfc	(_velocidad+2)^0,f,c
  1266  007B2E  220F               	addwfc	(_velocidad+3)^0,f,c
  1267  007B30  0E05               	movlw	5
  1268  007B32  180C               	xorwf	_velocidad^0,w,c
  1269  007B34  100D               	iorwf	(_velocidad+1)^0,w,c
  1270  007B36  100E               	iorwf	(_velocidad+2)^0,w,c
  1271  007B38  100F               	iorwf	(_velocidad+3)^0,w,c
  1272  007B3A  A4D8               	btfss	status,2,c
  1273  007B3C  EFA2  F03D         	goto	u81
  1274  007B40  EFA4  F03D         	goto	u80
  1275  007B44                     u81:
  1276  007B44  EFAC  F03D         	goto	l832
  1277  007B48                     u80:
  1278  007B48  0E01               	movlw	1
  1279  007B4A  6E0C               	movwf	_velocidad^0,c
  1280  007B4C  0E00               	movlw	0
  1281  007B4E  6E0D               	movwf	(_velocidad+1)^0,c
  1282  007B50  0E00               	movlw	0
  1283  007B52  6E0E               	movwf	(_velocidad+2)^0,c
  1284  007B54  0E00               	movlw	0
  1285  007B56  6E0F               	movwf	(_velocidad+3)^0,c
  1286  007B58                     l832:
  1287                           
  1288                           ;secuencia_main.c: 78:     }
  1289  007B58  4A03               	infsnz	secuencial_Efecto1@i^0,f,c
  1290  007B5A  2A04               	incf	(secuencial_Efecto1@i+1)^0,f,c
  1291  007B5C  EF04  F03D         	goto	l804
  1292  007B60                     l56:
  1293  007B60  0012               	return		;funcret
  1294  007B62                     __end_of_secuencial_Efecto1:
  1295                           	callstack 0
  1296  0000                     
  1297                           	psect	rparam
  1298  0000                     
  1299                           	psect	idloc
  1300                           
  1301                           ;Config register IDLOC0 @ 0x200000
  1302                           ;	unspecified, using default values
  1303  200000                     	org	2097152
  1304  200000  FF                 	db	255
  1305                           
  1306                           ;Config register IDLOC1 @ 0x200001
  1307                           ;	unspecified, using default values
  1308  200001                     	org	2097153
  1309  200001  FF                 	db	255
  1310                           
  1311                           ;Config register IDLOC2 @ 0x200002
  1312                           ;	unspecified, using default values
  1313  200002                     	org	2097154
  1314  200002  FF                 	db	255
  1315                           
  1316                           ;Config register IDLOC3 @ 0x200003
  1317                           ;	unspecified, using default values
  1318  200003                     	org	2097155
  1319  200003  FF                 	db	255
  1320                           
  1321                           ;Config register IDLOC4 @ 0x200004
  1322                           ;	unspecified, using default values
  1323  200004                     	org	2097156
  1324  200004  FF                 	db	255
  1325                           
  1326                           ;Config register IDLOC5 @ 0x200005
  1327                           ;	unspecified, using default values
  1328  200005                     	org	2097157
  1329  200005  FF                 	db	255
  1330                           
  1331                           ;Config register IDLOC6 @ 0x200006
  1332                           ;	unspecified, using default values
  1333  200006                     	org	2097158
  1334  200006  FF                 	db	255
  1335                           
  1336                           ;Config register IDLOC7 @ 0x200007
  1337                           ;	unspecified, using default values
  1338  200007                     	org	2097159
  1339  200007  FF                 	db	255
  1340                           
  1341                           	psect	config
  1342                           
  1343                           ;Config register CONFIG1L @ 0x300000
  1344                           ;	unspecified, using default values
  1345                           ;	PLL Prescaler Selection bits
  1346                           ;	PLLDIV = 0x0, unprogrammed default
  1347                           ;	System Clock Postscaler Selection bits
  1348                           ;	CPUDIV = 0x0, unprogrammed default
  1349                           ;	USB Clock Selection bit (used in Full-Speed USB mode only; UCFG:FSEN = 1)
  1350                           ;	USBDIV = 0x0, unprogrammed default
  1351  300000                     	org	3145728
  1352  300000  00                 	db	0
  1353                           
  1354                           ;Config register CONFIG1H @ 0x300001
  1355                           ;	Oscillator Selection bits
  1356                           ;	FOSC = INTOSC_EC, Internal oscillator, CLKO function on RA6, EC used by USB (INTCKO)
  1357                           ;	Fail-Safe Clock Monitor Enable bit
  1358                           ;	FCMEN = OFF, Fail-Safe Clock Monitor disabled
  1359                           ;	Internal/External Oscillator Switchover bit
  1360                           ;	IESO = OFF, Oscillator Switchover mode disabled
  1361  300001                     	org	3145729
  1362  300001  09                 	db	9
  1363                           
  1364                           ;Config register CONFIG2L @ 0x300002
  1365                           ;	Power-up Timer Enable bit
  1366                           ;	PWRT = OFF, PWRT disabled
  1367                           ;	Brown-out Reset Enable bits
  1368                           ;	BOR = ON, Brown-out Reset enabled in hardware only (SBOREN is disabled)
  1369                           ;	Brown-out Reset Voltage bits
  1370                           ;	BORV = 3, Minimum setting 2.05V
  1371                           ;	USB Voltage Regulator Enable bit
  1372                           ;	VREGEN = OFF, USB voltage regulator disabled
  1373  300002                     	org	3145730
  1374  300002  1F                 	db	31
  1375                           
  1376                           ;Config register CONFIG2H @ 0x300003
  1377                           ;	Watchdog Timer Enable bit
  1378                           ;	WDT = OFF, WDT disabled (control is placed on the SWDTEN bit)
  1379                           ;	Watchdog Timer Postscale Select bits
  1380                           ;	WDTPS = 32768, 1:32768
  1381  300003                     	org	3145731
  1382  300003  1E                 	db	30
  1383                           
  1384                           ; Padding undefined space
  1385  300004                     	org	3145732
  1386  300004  FF                 	db	255
  1387                           
  1388                           ;Config register CONFIG3H @ 0x300005
  1389                           ;	CCP2 MUX bit
  1390                           ;	CCP2MX = ON, CCP2 input/output is multiplexed with RC1
  1391                           ;	PORTB A/D Enable bit
  1392                           ;	PBADEN = OFF, PORTB<4:0> pins are configured as digital I/O on Reset
  1393                           ;	Low-Power Timer 1 Oscillator Enable bit
  1394                           ;	LPT1OSC = OFF, Timer1 configured for higher power operation
  1395                           ;	MCLR Pin Enable bit
  1396                           ;	MCLRE = ON, MCLR pin enabled; RE3 input pin disabled
  1397  300005                     	org	3145733
  1398  300005  81                 	db	129
  1399                           
  1400                           ;Config register CONFIG4L @ 0x300006
  1401                           ;	Stack Full/Underflow Reset Enable bit
  1402                           ;	STVREN = ON, Stack full/underflow will cause Reset
  1403                           ;	Single-Supply ICSP Enable bit
  1404                           ;	LVP = OFF, Single-Supply ICSP disabled
  1405                           ;	Dedicated In-Circuit Debug/Programming Port (ICPORT) Enable bit
  1406                           ;	ICPRT = OFF, ICPORT disabled
  1407                           ;	Extended Instruction Set Enable bit
  1408                           ;	XINST = OFF, Instruction set extension and Indexed Addressing mode disabled (Legacy mo
      +                          de)
  1409                           ;	Background Debugger Enable bit
  1410                           ;	DEBUG = 0x1, unprogrammed default
  1411  300006                     	org	3145734
  1412  300006  81                 	db	129
  1413                           
  1414                           ; Padding undefined space
  1415  300007                     	org	3145735
  1416  300007  FF                 	db	255
  1417                           
  1418                           ;Config register CONFIG5L @ 0x300008
  1419                           ;	Code Protection bit
  1420                           ;	CP0 = OFF, Block 0 (000800-001FFFh) is not code-protected
  1421                           ;	Code Protection bit
  1422                           ;	CP1 = OFF, Block 1 (002000-003FFFh) is not code-protected
  1423                           ;	Code Protection bit
  1424                           ;	CP2 = OFF, Block 2 (004000-005FFFh) is not code-protected
  1425                           ;	Code Protection bit
  1426                           ;	CP3 = OFF, Block 3 (006000-007FFFh) is not code-protected
  1427  300008                     	org	3145736
  1428  300008  0F                 	db	15
  1429                           
  1430                           ;Config register CONFIG5H @ 0x300009
  1431                           ;	Boot Block Code Protection bit
  1432                           ;	CPB = OFF, Boot block (000000-0007FFh) is not code-protected
  1433                           ;	Data EEPROM Code Protection bit
  1434                           ;	CPD = OFF, Data EEPROM is not code-protected
  1435  300009                     	org	3145737
  1436  300009  C0                 	db	192
  1437                           
  1438                           ;Config register CONFIG6L @ 0x30000A
  1439                           ;	Write Protection bit
  1440                           ;	WRT0 = OFF, Block 0 (000800-001FFFh) is not write-protected
  1441                           ;	Write Protection bit
  1442                           ;	WRT1 = OFF, Block 1 (002000-003FFFh) is not write-protected
  1443                           ;	Write Protection bit
  1444                           ;	WRT2 = OFF, Block 2 (004000-005FFFh) is not write-protected
  1445                           ;	Write Protection bit
  1446                           ;	WRT3 = OFF, Block 3 (006000-007FFFh) is not write-protected
  1447  30000A                     	org	3145738
  1448  30000A  0F                 	db	15
  1449                           
  1450                           ;Config register CONFIG6H @ 0x30000B
  1451                           ;	Configuration Register Write Protection bit
  1452                           ;	WRTC = OFF, Configuration registers (300000-3000FFh) are not write-protected
  1453                           ;	Boot Block Write Protection bit
  1454                           ;	WRTB = OFF, Boot block (000000-0007FFh) is not write-protected
  1455                           ;	Data EEPROM Write Protection bit
  1456                           ;	WRTD = OFF, Data EEPROM is not write-protected
  1457  30000B                     	org	3145739
  1458  30000B  E0                 	db	224
  1459                           
  1460                           ;Config register CONFIG7L @ 0x30000C
  1461                           ;	Table Read Protection bit
  1462                           ;	EBTR0 = OFF, Block 0 (000800-001FFFh) is not protected from table reads executed in ot
      +                          her blocks
  1463                           ;	Table Read Protection bit
  1464                           ;	EBTR1 = OFF, Block 1 (002000-003FFFh) is not protected from table reads executed in ot
      +                          her blocks
  1465                           ;	Table Read Protection bit
  1466                           ;	EBTR2 = OFF, Block 2 (004000-005FFFh) is not protected from table reads executed in ot
      +                          her blocks
  1467                           ;	Table Read Protection bit
  1468                           ;	EBTR3 = OFF, Block 3 (006000-007FFFh) is not protected from table reads executed in ot
      +                          her blocks
  1469  30000C                     	org	3145740
  1470  30000C  0F                 	db	15
  1471                           
  1472                           ;Config register CONFIG7H @ 0x30000D
  1473                           ;	Boot Block Table Read Protection bit
  1474                           ;	EBTRB = OFF, Boot block (000000-0007FFh) is not protected from table reads executed in
      +                           other blocks
  1475  30000D                     	org	3145741
  1476  30000D  40                 	db	64
  1477                           tosu	equ	0xFFF
  1478                           tosh	equ	0xFFE
  1479                           tosl	equ	0xFFD
  1480                           stkptr	equ	0xFFC
  1481                           pclatu	equ	0xFFB
  1482                           pclath	equ	0xFFA
  1483                           pcl	equ	0xFF9
  1484                           tblptru	equ	0xFF8
  1485                           tblptrh	equ	0xFF7
  1486                           tblptrl	equ	0xFF6
  1487                           tablat	equ	0xFF5
  1488                           prodh	equ	0xFF4
  1489                           prodl	equ	0xFF3
  1490                           indf0	equ	0xFEF
  1491                           postinc0	equ	0xFEE
  1492                           postdec0	equ	0xFED
  1493                           preinc0	equ	0xFEC
  1494                           plusw0	equ	0xFEB
  1495                           fsr0h	equ	0xFEA
  1496                           fsr0l	equ	0xFE9
  1497                           wreg	equ	0xFE8
  1498                           indf1	equ	0xFE7
  1499                           postinc1	equ	0xFE6
  1500                           postdec1	equ	0xFE5
  1501                           preinc1	equ	0xFE4
  1502                           plusw1	equ	0xFE3
  1503                           fsr1h	equ	0xFE2
  1504                           fsr1l	equ	0xFE1
  1505                           bsr	equ	0xFE0
  1506                           indf2	equ	0xFDF
  1507                           postinc2	equ	0xFDE
  1508                           postdec2	equ	0xFDD
  1509                           preinc2	equ	0xFDC
  1510                           plusw2	equ	0xFDB
  1511                           fsr2h	equ	0xFDA
  1512                           fsr2l	equ	0xFD9
  1513                           status	equ	0xFD8

Data Sizes:
    Strings     0
    Constant    0
    Data        5
    BSS         0
    Persistent  0
    Stack       0

Auto Spaces:
    Space          Size  Autos    Used
    COMRAM           95     11      16
    BANK0           160      0       0
    BANK1           256      0       0
    BANK2           256      0       0
    BANK3           256      0       0
    BANK4           256      0       0
    BANK5           256      0       0
    BANK6           256      0       0
    BANK7           256      0       0

Pointer List with Targets:

    None.

Critical Paths under _main in COMRAM

    _main->_secuencial_Efecto4

Critical Paths under _main in BANK0

    None.

Critical Paths under _main in BANK1

    None.

Critical Paths under _main in BANK2

    None.

Critical Paths under _main in BANK3

    None.

Critical Paths under _main in BANK4

    None.

Critical Paths under _main in BANK5

    None.

Critical Paths under _main in BANK6

    None.

Critical Paths under _main in BANK7

    None.

Call Graph Tables:

 ---------------------------------------------------------------------------------
 (Depth) Function   	        Calls       Base Space   Used Autos Params    Refs
 ---------------------------------------------------------------------------------
 (0) _main                                                 2     2      0     240
                                              9 COMRAM     2     2      0
                 _secuencial_Efecto1
                 _secuencial_Efecto2
                 _secuencial_Efecto3
                 _secuencial_Efecto4
 ---------------------------------------------------------------------------------
 (1) _secuencial_Efecto4                                   9     9      0      90
                                              0 COMRAM     9     9      0
 ---------------------------------------------------------------------------------
 (1) _secuencial_Efecto3                                   4     4      0      45
                                              0 COMRAM     4     4      0
 ---------------------------------------------------------------------------------
 (1) _secuencial_Efecto2                                   8     8      0      60
                                              0 COMRAM     8     8      0
 ---------------------------------------------------------------------------------
 (1) _secuencial_Efecto1                                   4     4      0      45
                                              0 COMRAM     4     4      0
 ---------------------------------------------------------------------------------
 Estimated maximum stack depth 1
 ---------------------------------------------------------------------------------

 Call Graph Graphs:

 _main (ROOT)
   _secuencial_Efecto1
   _secuencial_Efecto2
   _secuencial_Efecto3
   _secuencial_Efecto4

 Address spaces:
Name               Size   Autos  Total    Cost      Usage
BIGRAM             7FF      0       0      21        0.0%
EEDATA             100      0       0       0        0.0%
BITBANK7           100      0       0      18        0.0%
BANK7              100      0       0      19        0.0%
BITBANK6           100      0       0      16        0.0%
BANK6              100      0       0      17        0.0%
BITBANK5           100      0       0      14        0.0%
BANK5              100      0       0      15        0.0%
BITBANK4           100      0       0      12        0.0%
BANK4              100      0       0      13        0.0%
BITBANK3           100      0       0      10        0.0%
BANK3              100      0       0      11        0.0%
BITBANK2           100      0       0       8        0.0%
BANK2              100      0       0       9        0.0%
BITBANK1           100      0       0       6        0.0%
BANK1              100      0       0       7        0.0%
BITBANK0            A0      0       0       4        0.0%
BANK0               A0      0       0       5        0.0%
BITCOMRAM           5F      0       0       0        0.0%
COMRAM              5F      B      10       1       16.8%
BITSFR               0      0       0     200        0.0%
SFR                  0      0       0     200        0.0%
STACK                0      0       0       2        0.0%
NULL                 0      0       0       0        0.0%
ABS                  0      0      10      20        0.0%
DATA                 0      0      10       3        0.0%
CODE                 0      0       0       0        0.0%


Microchip Technology PIC18 Macro Assembler V2.31 build 20201012212115 
Symbol Table                                                                                   Wed Nov 18 18:09:43 2020

                         l50 7B08                           l70 7E4C                           l56 7B60  
                         l64 7DEE                           l84 7CC2                           l92 7F8E  
                         l78 7C6A                           l98 7FFE                           u10 7A24  
                         u11 7A20                           u30 7A5A                           u31 7A56  
                         u40 7A84                           u24 7A3A                           u41 7A80  
                         u25 7A36                           u50 7AB8                           u51 7AB4  
                         u60 7AEC                           u61 7AE8                           u70 7B16  
                         u71 7B12                           u80 7B48                           u81 7B44  
                         u90 7CF0                           u91 7CEC                          l810 7A5A  
                        l802 7A00                          l820 7AD4                          l812 7A6C  
                        l804 7A08                          l900 7CAA                          l830 7B48  
                        l822 7AEC                          l814 7A84                          l902 7CBA  
                        l832 7B58                          l816 7AA0                          l824 7B08  
                        l808 7A28                          l920 7F26                          l912 7E66  
                        l826 7B16                          l818 7AB8                          l850 7D86  
                        l842 7CF4                          l930 7F9C                          l922 7F3E  
                        l914 7EE0                          l906 7E4E                          l828 7B24  
                        l860 7DFC                          l852 7D9E                          l844 7D40  
                        l836 7CC4                          l932 7FAA                          l924 7F5A  
                        l916 7EF2                          l940 794C                          l862 7E0A  
                        l854 7DBA                          l846 7D52                          l838 7CD4  
                        l934 7FCE                          l926 7F72                          l918 7F0A  
                        l950 7968                          l942 7954                          l864 7E2E  
                        l856 7DD2                          l848 7D6A                          l880 7BBC  
                        l872 7B62                          l936 7FDE                          l928 7F8E  
                        l960 79A2                          l952 7976                          l944 7956  
                        l866 7E3E                          l858 7DEE                          l890 7C36  
                        l882 7BCE                          l874 7B6A                          l938 7FE2  
                        l962 79AA                          l954 798A                          l970 79B2  
                        l946 7958                          l868 7E42                          l892 7C4E  
                        l884 7BE6                          l956 7992                          l948 795A  
                        l886 7C02                          l894 7C6A                          l878 7B8A  
                        l958 799A                          l896 7C78                          l888 7C1A  
                        l898 7C86                          u120 7D40                          u104 7D06  
                        u200 7BBC                          u121 7D3C                          u105 7D02  
                        u201 7BB8                          u130 7D6A                          u114 7D1E  
                        u210 7BE6                          u131 7D66                          u115 7D1A  
                        u211 7BE2                          u140 7D9E                          u220 7C1A  
                        u300 7F3E                          u141 7D9A                          u221 7C16  
                        u301 7F3A                          u150 7DD2                          u230 7C4E  
                        u310 7F72                          u151 7DCE                          u231 7C4A  
                        u311 7F6E                          u160 7DFC                          u240 7C78  
                        u320 7F9C                          u161 7DF8                          u241 7C74  
                        u321 7F98                          u170 7E2E                          u250 7CAA  
                        u330 7FCE                          u171 7E2A                          u251 7CA6  
                        u331 7FCA                          u180 7B86                          u340 7FFE  
                        u181 7B82                          u341 7FFA                          u350 7968  
                        u351 7964                          u280 7EE0                          u264 7E84  
                        u360 798A                          u281 7EDC                          u265 7E7E  
                        u361 7986                          u194 7B9C                          u290 7F0A  
                        u274 7EB4                          u195 7B98                          u291 7F06  
                        u275 7EAE                          u607 7F14                          u617 7F48  
                        u707 7D74                          u627 7F7C                          u717 7DA8  
                        u637 7FA2                          u727 7DDC                          u647 7BC2  
                        u737 7E02                          u657 7BF0                          u747 7A60  
                        u667 7C24                          u587 796E                          u757 7A8E  
                        u677 7C58                          u597 7EE6                          u767 7AC2  
                        u687 7C7E                          u777 7AF6                          u697 7D46  
                        u787 7B1C                          wreg 000FE8                         l1050 79C6  
                       _LATD 000F8C                         _main 794C                         fsr1l 000FE1  
                       start 0000                 ___param_bank 000000                        ?_main 0001  
                      _TRISD 000F95                        tablat 000FF5                        status 000FD8  
            __initialization 7922                 __end_of_main 7A00                       ??_main 000A  
              __activetblptr 000002                       _efecto 0010   __end_of_secuencial_Efecto1 7B62  
 __end_of_secuencial_Efecto2 7E4E   __end_of_secuencial_Efecto3 7CC4   __end_of_secuencial_Efecto4 8000  
               __pdataCOMRAM 000C                       tblptrh 000FF7                       tblptrl 000FF6  
                     tblptru 000FF8                   __accesstop 0060      __end_of__initialization 7942  
              ___rparam_used 000001               __pcstackCOMRAM 0001          secuencial_Efecto1@i 0003  
        secuencial_Efecto2@i 0007          secuencial_Efecto2@j 0005          secuencial_Efecto3@i 0003  
        secuencial_Efecto4@i 0004          secuencial_Efecto4@m 0006          secuencial_Efecto4@n 0008  
                    __Hparam 0000                      __Lparam 0000                      __pcinit 7922  
                    __ramtop 0800                      __ptext0 794C                      __ptext1 7E4E  
                    __ptext2 7B62                      __ptext3 7CC4                      __ptext4 7A00  
       end_of_initialization 7942                __Lmediumconst 0000                      postdec1 000FE5  
                    postinc0 000FEE                    _PORTBbits 000F81                    _TRISBbits 000F93  
         _secuencial_Efecto1 7A00           _secuencial_Efecto2 7CC4           _secuencial_Efecto3 7B62  
         _secuencial_Efecto4 7E4E          ?_secuencial_Efecto1 0001          ?_secuencial_Efecto2 0001  
        ?_secuencial_Efecto3 0001          ?_secuencial_Efecto4 0001                __pidataCOMRAM 791D  
       ??_secuencial_Efecto1 0001         ??_secuencial_Efecto2 0001         ??_secuencial_Efecto3 0001  
       ??_secuencial_Efecto4 0001          start_initialization 7922                    _velocidad 000C  
                _INTCON2bits 000FF1                    copy_data0 7936                     __Hrparam 0000  
                   __Lrparam 0000                __size_of_main 00B4  __size_of_secuencial_Efecto1 0162  
__size_of_secuencial_Efecto2 018A  __size_of_secuencial_Efecto3 0162  __size_of_secuencial_Efecto4 01B2  
